<?xml version="1.0" encoding="UTF-8"?>
<testsuite name="SampleAPITest" tests="1" skipped="0" failures="0" errors="0" timestamp="2022-07-12T12:45:07" hostname="WZ-N4762" time="3.312">
  <properties/>
  <testcase name="getShouldReturn200" classname="SampleAPITest" time="3.312"/>
  <system-out><![CDATA[]]></system-out>
  <system-err><![CDATA[]]></system-err>
</testsuite>
