<?xml version="1.0" encoding="UTF-8"?>
<testsuite name="SampleAPITest" tests="1" skipped="0" failures="0" errors="0" timestamp="2022-07-14T10:27:55" hostname="WZ-N4762" time="3.007">
  <properties/>
  <testcase name="getShouldReturn200" classname="SampleAPITest" time="3.007"/>
  <system-out><![CDATA[]]></system-out>
  <system-err><![CDATA[]]></system-err>
</testsuite>
